# JRE version: Java(TM) SE Runtime Environment (8.0_181-b13) (build 1.8.0_181-b13)
# Java VM: Java HotSpot(TM) 64-Bit Server VM (25.181-b13 mixed mode windows-amd64 compressed oops)
Heap:
 PSYoungGen      total 283648K, used 0K [0x0000000716800000, 0x0000000733d80000, 0x00000007c0000000)
  eden space 262144K, 0% used [0x0000000716800000,0x0000000716800000,0x0000000726800000)
  from space 21504K, 0% used [0x0000000726800000,0x0000000726800000,0x0000000727d00000)
  to   space 21504K, 0% used [0x0000000732880000,0x0000000732880000,0x0000000733d80000)
 ParOldGen       total 172544K, used 23611K [0x00000005c3800000, 0x00000005d3280000, 0x0000000716800000)
  object space 172544K, 13% used [0x00000005c3800000,0x00000005c4f0ee48,0x00000005ce080000)
 Metaspace       used 33424K, capacity 35280K, committed 35416K, reserved 1079296K
  class space    used 4431K, capacity 4784K, committed 4864K, reserved 1048576K
GC Heap History (9 events):
Event: 0.915 GC heap before
{Heap before GC invocations=1 (full 0):
 PSYoungGen      total 152576K, used 131072K [0x0000000716800000, 0x0000000721200000, 0x00000007c0000000)
  eden space 131072K, 100% used [0x0000000716800000,0x000000071e800000,0x000000071e800000)
  from space 21504K, 0% used [0x000000071fd00000,0x000000071fd00000,0x0000000721200000)
  to   space 21504K, 0% used [0x000000071e800000,0x000000071e800000,0x000000071fd00000)
 ParOldGen       total 348160K, used 0K [0x00000005c3800000, 0x00000005d8c00000, 0x0000000716800000)
  object space 348160K, 0% used [0x00000005c3800000,0x00000005c3800000,0x00000005d8c00000)
 Metaspace       used 19411K, capacity 20168K, committed 20352K, reserved 1067008K
  class space    used 2485K, capacity 2664K, committed 2688K, reserved 1048576K
Event: 0.936 GC heap after
Heap after GC invocations=1 (full 0):
 PSYoungGen      total 152576K, used 14216K [0x0000000716800000, 0x0000000729200000, 0x00000007c0000000)
  eden space 131072K, 0% used [0x0000000716800000,0x0000000716800000,0x000000071e800000)
  from space 21504K, 66% used [0x000000071e800000,0x000000071f5e2358,0x000000071fd00000)
  to   space 21504K, 0% used [0x0000000727d00000,0x0000000727d00000,0x0000000729200000)
 ParOldGen       total 348160K, used 16K [0x00000005c3800000, 0x00000005d8c00000, 0x0000000716800000)
  object space 348160K, 0% used [0x00000005c3800000,0x00000005c3804000,0x00000005d8c00000)
 Metaspace       used 19411K, capacity 20168K, committed 20352K, reserved 1067008K
  class space    used 2485K, capacity 2664K, committed 2688K, reserved 1048576K
}
Event: 0.990 GC heap before
{Heap before GC invocations=2 (full 0):
 PSYoungGen      total 152576K, used 31112K [0x0000000716800000, 0x0000000729200000, 0x00000007c0000000)
  eden space 131072K, 12% used [0x0000000716800000,0x000000071787ff28,0x000000071e800000)
  from space 21504K, 66% used [0x000000071e800000,0x000000071f5e2358,0x000000071fd00000)
  to   space 21504K, 0% used [0x0000000727d00000,0x0000000727d00000,0x0000000729200000)
 ParOldGen       total 348160K, used 16K [0x00000005c3800000, 0x00000005d8c00000, 0x0000000716800000)
  object space 348160K, 0% used [0x00000005c3800000,0x00000005c3804000,0x00000005d8c00000)
 Metaspace       used 20439K, capacity 21178K, committed 21248K, reserved 1067008K
  class space    used 2632K, capacity 2809K, committed 2816K, reserved 1048576K
Event: 0.995 GC heap after
Heap after GC invocations=2 (full 0):
 PSYoungGen      total 283648K, used 6748K [0x0000000716800000, 0x0000000729200000, 0x00000007c0000000)
  eden space 262144K, 0% used [0x0000000716800000,0x0000000716800000,0x0000000726800000)
  from space 21504K, 31% used [0x0000000727d00000,0x0000000728397278,0x0000000729200000)
  to   space 21504K, 0% used [0x0000000726800000,0x0000000726800000,0x0000000727d00000)
 ParOldGen       total 348160K, used 24K [0x00000005c3800000, 0x00000005d8c00000, 0x0000000716800000)
  object space 348160K, 0% used [0x00000005c3800000,0x00000005c3806000,0x00000005d8c00000)
 Metaspace       used 20439K, capacity 21178K, committed 21248K, reserved 1067008K
  class space    used 2632K, capacity 2809K, committed 2816K, reserved 1048576K
}
Event: 0.995 GC heap before
{Heap before GC invocations=3 (full 1):
 PSYoungGen      total 283648K, used 6748K [0x0000000716800000, 0x0000000729200000, 0x00000007c0000000)
  eden space 262144K, 0% used [0x0000000716800000,0x0000000716800000,0x0000000726800000)
  from space 21504K, 31% used [0x0000000727d00000,0x0000000728397278,0x0000000729200000)
  to   space 21504K, 0% used [0x0000000726800000,0x0000000726800000,0x0000000727d00000)
 ParOldGen       total 348160K, used 24K [0x00000005c3800000, 0x00000005d8c00000, 0x0000000716800000)
  object space 348160K, 0% used [0x00000005c3800000,0x00000005c3806000,0x00000005d8c00000)
 Metaspace       used 20439K, capacity 21178K, committed 21248K, reserved 1067008K
  class space    used 2632K, capacity 2809K, committed 2816K, reserved 1048576K
Event: 1.014 GC heap after
Heap after GC invocations=3 (full 1):
 PSYoungGen      total 283648K, used 0K [0x0000000716800000, 0x0000000729200000, 0x00000007c0000000)
  eden space 262144K, 0% used [0x0000000716800000,0x0000000716800000,0x0000000726800000)
  from space 21504K, 0% used [0x0000000727d00000,0x0000000727d00000,0x0000000729200000)
  to   space 21504K, 0% used [0x0000000726800000,0x0000000726800000,0x0000000727d00000)
 ParOldGen       total 172544K, used 6617K [0x00000005c3800000, 0x00000005ce080000, 0x0000000716800000)
  object space 172544K, 3% used [0x00000005c3800000,0x00000005c3e764c8,0x00000005ce080000)
 Metaspace       used 20439K, capacity 21178K, committed 21248K, reserved 1067008K
  class space    used 2632K, capacity 2809K, committed 2816K, reserved 1048576K
}
Event: 2.225 GC heap before
{Heap before GC invocations=4 (full 1):
 PSYoungGen      total 283648K, used 220616K [0x0000000716800000, 0x0000000729200000, 0x00000007c0000000)
  eden space 262144K, 84% used [0x0000000716800000,0x0000000723f72110,0x0000000726800000)
  from space 21504K, 0% used [0x0000000727d00000,0x0000000727d00000,0x0000000729200000)
  to   space 21504K, 0% used [0x0000000726800000,0x0000000726800000,0x0000000727d00000)
 ParOldGen       total 172544K, used 6617K [0x00000005c3800000, 0x00000005ce080000, 0x0000000716800000)
  object space 172544K, 3% used [0x00000005c3800000,0x00000005c3e764c8,0x00000005ce080000)
 Metaspace       used 33424K, capacity 35280K, committed 35416K, reserved 1079296K
  class space    used 4431K, capacity 4784K, committed 4864K, reserved 1048576K
Event: 2.235 GC heap after
Heap after GC invocations=4 (full 1):
 PSYoungGen      total 283648K, used 19356K [0x0000000716800000, 0x0000000733d80000, 0x00000007c0000000)
  eden space 262144K, 0% used [0x0000000716800000,0x0000000716800000,0x0000000726800000)
  from space 21504K, 90% used [0x0000000726800000,0x0000000727ae7188,0x0000000727d00000)
  to   space 21504K, 0% used [0x0000000732880000,0x0000000732880000,0x0000000733d80000)
 ParOldGen       total 172544K, used 6625K [0x00000005c3800000, 0x00000005ce080000, 0x0000000716800000)
  object space 172544K, 3% used [0x00000005c3800000,0x00000005c3e784c8,0x00000005ce080000)
 Metaspace       used 33424K, capacity 35280K, committed 35416K, reserved 1079296K
  class space    used 4431K, capacity 4784K, committed 4864K, reserved 1048576K
}
Event: 2.235 GC heap before
{Heap before GC invocations=5 (full 2):
 PSYoungGen      total 283648K, used 19356K [0x0000000716800000, 0x0000000733d80000, 0x00000007c0000000)
  eden space 262144K, 0% used [0x0000000716800000,0x0000000716800000,0x0000000726800000)
  from space 21504K, 90% used [0x0000000726800000,0x0000000727ae7188,0x0000000727d00000)
  to   space 21504K, 0% used [0x0000000732880000,0x0000000732880000,0x0000000733d80000)
 ParOldGen       total 172544K, used 6625K [0x00000005c3800000, 0x00000005ce080000, 0x0000000716800000)
  object space 172544K, 3% used [0x00000005c3800000,0x00000005c3e784c8,0x00000005ce080000)
 Metaspace       used 33424K, capacity 35280K, committed 35416K, reserved 1079296K
  class space    used 4431K, capacity 4784K, committed 4864K, reserved 1048576K

